<?xml version="1.0" encoding="UTF-8"?>
<testng-results ignored="0" total="1" passed="1" failed="0" skipped="0">
  <reporter-output>
  </reporter-output>
  <suite started-at="2023-09-30T21:13:22 IST" name="Surefire suite" finished-at="2023-09-30T21:13:28 IST" duration-ms="6208">
    <groups>
      <group name="cucumber">
        <method signature="AbstractTestNGCucumberTests.runScenario(io.cucumber.testng.PickleWrapper,io.cucumber.testng.FeatureWrapper)[pri:0, instance:com.JavaSeleniumBDD.TestRunner@20deea7f]" name="runScenario" class="io.cucumber.testng.AbstractTestNGCucumberTests"/>
      </group> <!-- cucumber -->
    </groups>
    <test started-at="2023-09-30T21:13:22 IST" name="Surefire test" finished-at="2023-09-30T21:13:28 IST" duration-ms="6208">
      <class name="com.JavaSeleniumBDD.TestRunner">
        <test-method is-config="true" signature="setUpClass(org.testng.ITestContext)[pri:0, instance:com.JavaSeleniumBDD.TestRunner@20deea7f]" started-at="2023-09-30T21:13:22 IST" name="setUpClass" finished-at="2023-09-30T21:13:22 IST" duration-ms="145" status="PASS">
          <params>
            <param index="0">
              <value>
                <![CDATA[org.testng.TestRunner@6232ffdb]]>
              </value>
            </param>
          </params>
          <reporter-output>
          </reporter-output>
        </test-method> <!-- setUpClass -->
        <test-method is-config="true" signature="start()[pri:0, instance:com.JavaSeleniumBDD.TestRunner@20deea7f]" started-at="2023-09-30T21:13:22 IST" name="start" finished-at="2023-09-30T21:13:24 IST" duration-ms="2105" status="PASS">
          <reporter-output>
          </reporter-output>
        </test-method> <!-- start -->
        <test-method signature="runScenario(io.cucumber.testng.PickleWrapper,io.cucumber.testng.FeatureWrapper)[pri:0, instance:com.JavaSeleniumBDD.TestRunner@20deea7f]" started-at="2023-09-30T21:13:25 IST" name="runScenario" description="Runs Cucumber Scenarios" data-provider="scenarios" finished-at="2023-09-30T21:13:28 IST" duration-ms="3922" status="PASS">
          <params>
            <param index="0">
              <value>
                <![CDATA["Launch the URL"]]>
              </value>
            </param>
            <param index="1">
              <value>
                <![CDATA["Home page"]]>
              </value>
            </param>
          </params>
          <reporter-output>
          </reporter-output>
        </test-method> <!-- runScenario -->
        <test-method is-config="true" signature="tearDownClass()[pri:0, instance:com.JavaSeleniumBDD.TestRunner@20deea7f]" started-at="2023-09-30T21:13:28 IST" name="tearDownClass" finished-at="2023-09-30T21:13:28 IST" duration-ms="1" status="PASS">
          <reporter-output>
          </reporter-output>
        </test-method> <!-- tearDownClass -->
        <test-method is-config="true" signature="tear()[pri:0, instance:com.JavaSeleniumBDD.TestRunner@20deea7f]" started-at="2023-09-30T21:13:28 IST" name="tear" finished-at="2023-09-30T21:13:28 IST" duration-ms="1" status="PASS">
          <reporter-output>
          </reporter-output>
        </test-method> <!-- tear -->
      </class> <!-- com.JavaSeleniumBDD.TestRunner -->
    </test> <!-- Surefire test -->
  </suite> <!-- Surefire suite -->
</testng-results>
