<?xml version="1.0" encoding="UTF-8"?>
<testng-results ignored="0" total="1" passed="1" failed="0" skipped="0">
  <reporter-output>
  </reporter-output>
  <suite started-at="2023-10-01T16:49:34 IST" name="Default suite" finished-at="2023-10-01T16:49:43 IST" duration-ms="8703">
    <groups>
      <group name="cucumber">
        <method signature="AbstractTestNGCucumberTests.runScenario(io.cucumber.testng.PickleWrapper,io.cucumber.testng.FeatureWrapper)[pri:0, instance:com.JavaSeleniumBDD.TestRunner@247310d0]" name="runScenario" class="io.cucumber.testng.AbstractTestNGCucumberTests"/>
      </group> <!-- cucumber -->
    </groups>
    <test started-at="2023-10-01T16:49:34 IST" name="Default test" finished-at="2023-10-01T16:49:43 IST" duration-ms="8703">
      <class name="com.JavaSeleniumBDD.TestRunner">
        <test-method is-config="true" signature="setUpClass(org.testng.ITestContext)[pri:0, instance:com.JavaSeleniumBDD.TestRunner@247310d0]" started-at="2023-10-01T16:49:34 IST" name="setUpClass" finished-at="2023-10-01T16:49:35 IST" duration-ms="143" status="PASS">
          <params>
            <param index="0">
              <value>
                <![CDATA[org.testng.TestRunner@23da79eb]]>
              </value>
            </param>
          </params>
          <reporter-output>
          </reporter-output>
        </test-method> <!-- setUpClass -->
        <test-method is-config="true" signature="start()[pri:0, instance:com.JavaSeleniumBDD.TestRunner@247310d0]" started-at="2023-10-01T16:49:35 IST" name="start" finished-at="2023-10-01T16:49:37 IST" duration-ms="2834" status="PASS">
          <reporter-output>
          </reporter-output>
        </test-method> <!-- start -->
        <test-method signature="runScenario(io.cucumber.testng.PickleWrapper,io.cucumber.testng.FeatureWrapper)[pri:0, instance:com.JavaSeleniumBDD.TestRunner@247310d0]" started-at="2023-10-01T16:49:37 IST" name="runScenario" description="Runs Cucumber Scenarios" data-provider="scenarios" finished-at="2023-10-01T16:49:43 IST" duration-ms="5695" status="PASS">
          <params>
            <param index="0">
              <value>
                <![CDATA["Launch the URL"]]>
              </value>
            </param>
            <param index="1">
              <value>
                <![CDATA["Home page"]]>
              </value>
            </param>
          </params>
          <reporter-output>
          </reporter-output>
        </test-method> <!-- runScenario -->
        <test-method is-config="true" signature="tearDownClass()[pri:0, instance:com.JavaSeleniumBDD.TestRunner@247310d0]" started-at="2023-10-01T16:49:43 IST" name="tearDownClass" finished-at="2023-10-01T16:49:43 IST" duration-ms="2" status="PASS">
          <reporter-output>
          </reporter-output>
        </test-method> <!-- tearDownClass -->
        <test-method is-config="true" signature="tear()[pri:0, instance:com.JavaSeleniumBDD.TestRunner@247310d0]" started-at="2023-10-01T16:49:43 IST" name="tear" finished-at="2023-10-01T16:49:43 IST" duration-ms="132" status="PASS">
          <reporter-output>
          </reporter-output>
        </test-method> <!-- tear -->
      </class> <!-- com.JavaSeleniumBDD.TestRunner -->
    </test> <!-- Default test -->
  </suite> <!-- Default suite -->
</testng-results>
